{"/Users/apple/Documents/Project/genealogy/src/main.ts": {"path":"/Users/apple/Documents/Project/genealogy/src/main.ts","statementMap":{"0":{"start":{"line":7,"column":6},"end":{"line":7,"column":null}},"1":{"start":{"line":8,"column":0},"end":{"line":8,"column":null}},"2":{"start":{"line":9,"column":0},"end":{"line":9,"column":null}},"3":{"start":{"line":10,"column":0},"end":{"line":10,"column":null}}},"fnMap":{},"branchMap":{},"s":{"0":0,"1":0,"2":0,"3":0},"f":{},"b":{},"meta":{"lastBranch":0,"lastFunction":0,"lastStatement":4,"seen":{"s:7:6:7:Infinity":0,"s:8:0:8:Infinity":1,"s:9:0:9:Infinity":2,"s:10:0:10:Infinity":3}}}
,"/Users/apple/Documents/Project/genealogy/src/mock/data.ts": {"path":"/Users/apple/Documents/Project/genealogy/src/mock/data.ts","statementMap":{"0":{"start":{"line":3,"column":37},"end":{"line":108,"column":null}}},"fnMap":{},"branchMap":{},"s":{"0":0},"f":{},"b":{},"meta":{"lastBranch":0,"lastFunction":0,"lastStatement":1,"seen":{"s:3:37:108:Infinity":0}}}
,"/Users/apple/Documents/Project/genealogy/src/router/index.ts": {"path":"/Users/apple/Documents/Project/genealogy/src/router/index.ts","statementMap":{"0":{"start":{"line":4,"column":15},"end":{"line":72,"column":null}},"1":{"start":{"line":13,"column":21},"end":{"line":13,"column":null}},"2":{"start":{"line":19,"column":21},"end":{"line":19,"column":null}},"3":{"start":{"line":25,"column":21},"end":{"line":25,"column":null}},"4":{"start":{"line":30,"column":21},"end":{"line":30,"column":null}},"5":{"start":{"line":35,"column":21},"end":{"line":35,"column":null}},"6":{"start":{"line":40,"column":21},"end":{"line":40,"column":null}},"7":{"start":{"line":45,"column":21},"end":{"line":45,"column":null}},"8":{"start":{"line":50,"column":21},"end":{"line":50,"column":null}},"9":{"start":{"line":55,"column":21},"end":{"line":55,"column":null}},"10":{"start":{"line":60,"column":21},"end":{"line":60,"column":null}},"11":{"start":{"line":65,"column":21},"end":{"line":65,"column":null}},"12":{"start":{"line":70,"column":21},"end":{"line":70,"column":null}},"13":{"start":{"line":74,"column":6},"end":{"line":77,"column":null}}},"fnMap":{"0":{"name":"(anonymous_0)","decl":{"start":{"line":13,"column":15},"end":{"line":13,"column":21}},"loc":{"start":{"line":13,"column":21},"end":{"line":13,"column":null}},"line":13},"1":{"name":"(anonymous_1)","decl":{"start":{"line":19,"column":15},"end":{"line":19,"column":21}},"loc":{"start":{"line":19,"column":21},"end":{"line":19,"column":null}},"line":19},"2":{"name":"(anonymous_2)","decl":{"start":{"line":25,"column":15},"end":{"line":25,"column":21}},"loc":{"start":{"line":25,"column":21},"end":{"line":25,"column":null}},"line":25},"3":{"name":"(anonymous_3)","decl":{"start":{"line":30,"column":15},"end":{"line":30,"column":21}},"loc":{"start":{"line":30,"column":21},"end":{"line":30,"column":null}},"line":30},"4":{"name":"(anonymous_4)","decl":{"start":{"line":35,"column":15},"end":{"line":35,"column":21}},"loc":{"start":{"line":35,"column":21},"end":{"line":35,"column":null}},"line":35},"5":{"name":"(anonymous_5)","decl":{"start":{"line":40,"column":15},"end":{"line":40,"column":21}},"loc":{"start":{"line":40,"column":21},"end":{"line":40,"column":null}},"line":40},"6":{"name":"(anonymous_6)","decl":{"start":{"line":45,"column":15},"end":{"line":45,"column":21}},"loc":{"start":{"line":45,"column":21},"end":{"line":45,"column":null}},"line":45},"7":{"name":"(anonymous_7)","decl":{"start":{"line":50,"column":15},"end":{"line":50,"column":21}},"loc":{"start":{"line":50,"column":21},"end":{"line":50,"column":null}},"line":50},"8":{"name":"(anonymous_8)","decl":{"start":{"line":55,"column":15},"end":{"line":55,"column":21}},"loc":{"start":{"line":55,"column":21},"end":{"line":55,"column":null}},"line":55},"9":{"name":"(anonymous_9)","decl":{"start":{"line":60,"column":15},"end":{"line":60,"column":21}},"loc":{"start":{"line":60,"column":21},"end":{"line":60,"column":null}},"line":60},"10":{"name":"(anonymous_10)","decl":{"start":{"line":65,"column":15},"end":{"line":65,"column":21}},"loc":{"start":{"line":65,"column":21},"end":{"line":65,"column":null}},"line":65},"11":{"name":"(anonymous_11)","decl":{"start":{"line":70,"column":15},"end":{"line":70,"column":21}},"loc":{"start":{"line":70,"column":21},"end":{"line":70,"column":null}},"line":70}},"branchMap":{},"s":{"0":0,"1":0,"2":0,"3":0,"4":0,"5":0,"6":0,"7":0,"8":0,"9":0,"10":0,"11":0,"12":0,"13":0},"f":{"0":0,"1":0,"2":0,"3":0,"4":0,"5":0,"6":0,"7":0,"8":0,"9":0,"10":0,"11":0},"b":{},"meta":{"lastBranch":0,"lastFunction":12,"lastStatement":14,"seen":{"s:4:15:72:Infinity":0,"f:13:15:13:21":0,"s:13:21:13:Infinity":1,"f:19:15:19:21":1,"s:19:21:19:Infinity":2,"f:25:15:25:21":2,"s:25:21:25:Infinity":3,"f:30:15:30:21":3,"s:30:21:30:Infinity":4,"f:35:15:35:21":4,"s:35:21:35:Infinity":5,"f:40:15:40:21":5,"s:40:21:40:Infinity":6,"f:45:15:45:21":6,"s:45:21:45:Infinity":7,"f:50:15:50:21":7,"s:50:21:50:Infinity":8,"f:55:15:55:21":8,"s:55:21:55:Infinity":9,"f:60:15:60:21":9,"s:60:21:60:Infinity":10,"f:65:15:65:21":10,"s:65:21:65:Infinity":11,"f:70:15:70:21":11,"s:70:21:70:Infinity":12,"s:74:6:77:Infinity":13}}}
,"/Users/apple/Documents/Project/genealogy/src/services/api.ts": {"path":"/Users/apple/Documents/Project/genealogy/src/services/api.ts","statementMap":{"0":{"start":{"line":6,"column":17},"end":{"line":6,"column":null}},"1":{"start":{"line":9,"column":19},"end":{"line":9,"column":null}},"2":{"start":{"line":10,"column":2},"end":{"line":12,"column":null}},"3":{"start":{"line":11,"column":4},"end":{"line":11,"column":null}},"4":{"start":{"line":13,"column":2},"end":{"line":13,"column":null}},"5":{"start":{"line":19,"column":2},"end":{"line":19,"column":null}},"6":{"start":{"line":20,"column":2},"end":{"line":24,"column":null}},"7":{"start":{"line":21,"column":4},"end":{"line":23,"column":null}},"8":{"start":{"line":22,"column":6},"end":{"line":22,"column":null}},"9":{"start":{"line":28,"column":19},"end":{"line":37,"column":null}},"10":{"start":{"line":29,"column":20},"end":{"line":29,"column":null}},"11":{"start":{"line":30,"column":17},"end":{"line":30,"column":null}},"12":{"start":{"line":31,"column":22},"end":{"line":31,"column":null}},"13":{"start":{"line":32,"column":22},"end":{"line":32,"column":null}},"14":{"start":{"line":33,"column":22},"end":{"line":33,"column":null}},"15":{"start":{"line":34,"column":21},"end":{"line":34,"column":null}},"16":{"start":{"line":35,"column":26},"end":{"line":35,"column":null}},"17":{"start":{"line":36,"column":27},"end":{"line":36,"column":null}}},"fnMap":{"0":{"name":"get","decl":{"start":{"line":8,"column":22},"end":{"line":8,"column":29}},"loc":{"start":{"line":8,"column":59},"end":{"line":14,"column":null}},"line":8},"1":{"name":"post","decl":{"start":{"line":16,"column":22},"end":{"line":16,"column":30}},"loc":{"start":{"line":16,"column":71},"end":{"line":25,"column":null}},"line":16},"2":{"name":"(anonymous_2)","decl":{"start":{"line":20,"column":21},"end":{"line":20,"column":22}},"loc":{"start":{"line":20,"column":34},"end":{"line":24,"column":3}},"line":20},"3":{"name":"(anonymous_3)","decl":{"start":{"line":21,"column":15},"end":{"line":21,"column":21}},"loc":{"start":{"line":21,"column":21},"end":{"line":23,"column":7}},"line":21},"4":{"name":"(anonymous_4)","decl":{"start":{"line":29,"column":14},"end":{"line":29,"column":20}},"loc":{"start":{"line":29,"column":20},"end":{"line":29,"column":null}},"line":29},"5":{"name":"(anonymous_5)","decl":{"start":{"line":30,"column":11},"end":{"line":30,"column":17}},"loc":{"start":{"line":30,"column":17},"end":{"line":30,"column":null}},"line":30},"6":{"name":"(anonymous_6)","decl":{"start":{"line":31,"column":16},"end":{"line":31,"column":22}},"loc":{"start":{"line":31,"column":22},"end":{"line":31,"column":null}},"line":31},"7":{"name":"(anonymous_7)","decl":{"start":{"line":32,"column":16},"end":{"line":32,"column":22}},"loc":{"start":{"line":32,"column":22},"end":{"line":32,"column":null}},"line":32},"8":{"name":"(anonymous_8)","decl":{"start":{"line":33,"column":16},"end":{"line":33,"column":22}},"loc":{"start":{"line":33,"column":22},"end":{"line":33,"column":null}},"line":33},"9":{"name":"(anonymous_9)","decl":{"start":{"line":34,"column":15},"end":{"line":34,"column":21}},"loc":{"start":{"line":34,"column":21},"end":{"line":34,"column":null}},"line":34},"10":{"name":"(anonymous_10)","decl":{"start":{"line":35,"column":20},"end":{"line":35,"column":26}},"loc":{"start":{"line":35,"column":26},"end":{"line":35,"column":null}},"line":35},"11":{"name":"(anonymous_11)","decl":{"start":{"line":36,"column":21},"end":{"line":36,"column":27}},"loc":{"start":{"line":36,"column":27},"end":{"line":36,"column":null}},"line":36}},"branchMap":{"0":{"loc":{"start":{"line":10,"column":2},"end":{"line":12,"column":null}},"type":"if","locations":[{"start":{"line":10,"column":2},"end":{"line":12,"column":null}},{"start":{},"end":{}}],"line":10}},"s":{"0":1,"1":10,"2":10,"3":1,"4":9,"5":1,"6":1,"7":1,"8":1,"9":1,"10":1,"11":1,"12":1,"13":1,"14":1,"15":1,"16":1,"17":1},"f":{"0":10,"1":1,"2":1,"3":1,"4":1,"5":1,"6":1,"7":1,"8":1,"9":1,"10":1,"11":1},"b":{"0":[1,9]},"meta":{"lastBranch":1,"lastFunction":12,"lastStatement":18,"seen":{"s:6:17:6:Infinity":0,"f:8:22:8:29":0,"s:9:19:9:Infinity":1,"b:10:2:12:Infinity:undefined:undefined:undefined:undefined":0,"s:10:2:12:Infinity":2,"s:11:4:11:Infinity":3,"s:13:2:13:Infinity":4,"f:16:22:16:30":1,"s:19:2:19:Infinity":5,"s:20:2:24:Infinity":6,"f:20:21:20:22":2,"s:21:4:23:Infinity":7,"f:21:15:21:21":3,"s:22:6:22:Infinity":8,"s:28:19:37:Infinity":9,"f:29:14:29:20":4,"s:29:20:29:Infinity":10,"f:30:11:30:17":5,"s:30:17:30:Infinity":11,"f:31:16:31:22":6,"s:31:22:31:Infinity":12,"f:32:16:32:22":7,"s:32:22:32:Infinity":13,"f:33:16:33:22":8,"s:33:22:33:Infinity":14,"f:34:15:34:21":9,"s:34:21:34:Infinity":15,"f:35:20:35:26":10,"s:35:26:35:Infinity":16,"f:36:21:36:27":11,"s:36:27:36:Infinity":17}}}
,"/Users/apple/Documents/Project/genealogy/src/stores/authStore.ts": {"path":"/Users/apple/Documents/Project/genealogy/src/stores/authStore.ts","statementMap":{"0":{"start":{"line":15,"column":13},"end":{"line":76,"column":null}},"1":{"start":{"line":16,"column":8},"end":{"line":16,"column":null}},"2":{"start":{"line":17,"column":8},"end":{"line":17,"column":null}},"3":{"start":{"line":17,"column":41},"end":{"line":17,"column":53}},"4":{"start":{"line":22,"column":4},"end":{"line":46,"column":null}},"5":{"start":{"line":23,"column":6},"end":{"line":45,"column":null}},"6":{"start":{"line":24,"column":8},"end":{"line":44,"column":null}},"7":{"start":{"line":25,"column":10},"end":{"line":31,"column":null}},"8":{"start":{"line":32,"column":10},"end":{"line":32,"column":null}},"9":{"start":{"line":33,"column":8},"end":{"line":44,"column":null}},"10":{"start":{"line":34,"column":10},"end":{"line":40,"column":null}},"11":{"start":{"line":41,"column":10},"end":{"line":41,"column":null}},"12":{"start":{"line":43,"column":10},"end":{"line":43,"column":null}},"13":{"start":{"line":50,"column":4},"end":{"line":50,"column":null}},"14":{"start":{"line":54,"column":4},"end":{"line":66,"column":null}},"15":{"start":{"line":55,"column":6},"end":{"line":65,"column":null}},"16":{"start":{"line":57,"column":8},"end":{"line":63,"column":null}},"17":{"start":{"line":64,"column":8},"end":{"line":64,"column":null}},"18":{"start":{"line":69,"column":2},"end":{"line":75,"column":null}}},"fnMap":{"0":{"name":"(anonymous_0)","decl":{"start":{"line":15,"column":48},"end":{"line":15,"column":54}},"loc":{"start":{"line":15,"column":54},"end":{"line":76,"column":1}},"line":15},"1":{"name":"(anonymous_1)","decl":{"start":{"line":17,"column":35},"end":{"line":17,"column":41}},"loc":{"start":{"line":17,"column":41},"end":{"line":17,"column":53}},"line":17},"2":{"name":"login","decl":{"start":{"line":20,"column":17},"end":{"line":20,"column":23}},"loc":{"start":{"line":20,"column":77},"end":{"line":47,"column":null}},"line":20},"3":{"name":"(anonymous_3)","decl":{"start":{"line":22,"column":23},"end":{"line":22,"column":24}},"loc":{"start":{"line":22,"column":36},"end":{"line":46,"column":5}},"line":22},"4":{"name":"(anonymous_4)","decl":{"start":{"line":23,"column":17},"end":{"line":23,"column":23}},"loc":{"start":{"line":23,"column":23},"end":{"line":45,"column":9}},"line":23},"5":{"name":"logout","decl":{"start":{"line":49,"column":11},"end":{"line":49,"column":20}},"loc":{"start":{"line":49,"column":20},"end":{"line":51,"column":null}},"line":49},"6":{"name":"register","decl":{"start":{"line":53,"column":11},"end":{"line":53,"column":20}},"loc":{"start":{"line":53,"column":49},"end":{"line":67,"column":null}},"line":53},"7":{"name":"(anonymous_7)","decl":{"start":{"line":54,"column":23},"end":{"line":54,"column":24}},"loc":{"start":{"line":54,"column":36},"end":{"line":66,"column":5}},"line":54},"8":{"name":"(anonymous_8)","decl":{"start":{"line":55,"column":17},"end":{"line":55,"column":23}},"loc":{"start":{"line":55,"column":23},"end":{"line":65,"column":9}},"line":55}},"branchMap":{"0":{"loc":{"start":{"line":24,"column":8},"end":{"line":44,"column":null}},"type":"if","locations":[{"start":{"line":24,"column":8},"end":{"line":44,"column":null}},{"start":{"line":33,"column":8},"end":{"line":44,"column":null}}],"line":24},"1":{"loc":{"start":{"line":24,"column":12},"end":{"line":24,"column":58}},"type":"binary-expr","locations":[{"start":{"line":24,"column":12},"end":{"line":24,"column":36}},{"start":{"line":24,"column":36},"end":{"line":24,"column":58}}],"line":24},"2":{"loc":{"start":{"line":33,"column":8},"end":{"line":44,"column":null}},"type":"if","locations":[{"start":{"line":33,"column":8},"end":{"line":44,"column":null}},{"start":{"line":42,"column":15},"end":{"line":44,"column":null}}],"line":33},"3":{"loc":{"start":{"line":33,"column":19},"end":{"line":33,"column":63}},"type":"binary-expr","locations":[{"start":{"line":33,"column":19},"end":{"line":33,"column":42}},{"start":{"line":33,"column":42},"end":{"line":33,"column":63}}],"line":33},"4":{"loc":{"start":{"line":60,"column":16},"end":{"line":60,"column":null}},"type":"binary-expr","locations":[{"start":{"line":60,"column":16},"end":{"line":60,"column":29}},{"start":{"line":60,"column":29},"end":{"line":60,"column":null}}],"line":60}},"s":{"0":1,"1":10,"2":10,"3":4,"4":5,"5":5,"6":5,"7":3,"8":3,"9":2,"10":1,"11":1,"12":1,"13":1,"14":3,"15":3,"16":3,"17":3,"18":10},"f":{"0":10,"1":4,"2":5,"3":5,"4":5,"5":1,"6":3,"7":3,"8":3},"b":{"0":[3,2],"1":[5,3],"2":[1,1],"3":[2,1],"4":[3,2]},"meta":{"lastBranch":5,"lastFunction":9,"lastStatement":19,"seen":{"s:15:13:76:Infinity":0,"f:15:48:15:54":0,"s:16:8:16:Infinity":1,"s:17:8:17:Infinity":2,"f:17:35:17:41":1,"s:17:41:17:53":3,"f:20:17:20:23":2,"s:22:4:46:Infinity":4,"f:22:23:22:24":3,"s:23:6:45:Infinity":5,"f:23:17:23:23":4,"b:24:8:44:Infinity:33:8:44:Infinity":0,"s:24:8:44:Infinity":6,"b:24:12:24:36:24:36:24:58":1,"s:25:10:31:Infinity":7,"s:32:10:32:Infinity":8,"b:33:8:44:Infinity:42:15:44:Infinity":2,"s:33:8:44:Infinity":9,"b:33:19:33:42:33:42:33:63":3,"s:34:10:40:Infinity":10,"s:41:10:41:Infinity":11,"s:43:10:43:Infinity":12,"f:49:11:49:20":5,"s:50:4:50:Infinity":13,"f:53:11:53:20":6,"s:54:4:66:Infinity":14,"f:54:23:54:24":7,"s:55:6:65:Infinity":15,"f:55:17:55:23":8,"s:57:8:63:Infinity":16,"b:60:16:60:29:60:29:60:Infinity":4,"s:64:8:64:Infinity":17,"s:69:2:75:Infinity":18}}}
,"/Users/apple/Documents/Project/genealogy/src/stores/memberStore.ts": {"path":"/Users/apple/Documents/Project/genealogy/src/stores/memberStore.ts","statementMap":{"0":{"start":{"line":6,"column":13},"end":{"line":258,"column":null}},"1":{"start":{"line":7,"column":8},"end":{"line":7,"column":null}},"2":{"start":{"line":8,"column":8},"end":{"line":8,"column":null}},"3":{"start":{"line":9,"column":8},"end":{"line":9,"column":null}},"4":{"start":{"line":12,"column":4},"end":{"line":12,"column":null}},"5":{"start":{"line":13,"column":4},"end":{"line":13,"column":null}},"6":{"start":{"line":14,"column":4},"end":{"line":23,"column":null}},"7":{"start":{"line":15,"column":19},"end":{"line":15,"column":null}},"8":{"start":{"line":17,"column":6},"end":{"line":17,"column":null}},"9":{"start":{"line":19,"column":6},"end":{"line":19,"column":null}},"10":{"start":{"line":20,"column":6},"end":{"line":20,"column":null}},"11":{"start":{"line":22,"column":6},"end":{"line":22,"column":null}},"12":{"start":{"line":28,"column":4},"end":{"line":28,"column":null}},"13":{"start":{"line":28,"column":35},"end":{"line":28,"column":46}},"14":{"start":{"line":32,"column":4},"end":{"line":32,"column":null}},"15":{"start":{"line":36,"column":18},"end":{"line":36,"column":null}},"16":{"start":{"line":36,"column":47},"end":{"line":36,"column":58}},"17":{"start":{"line":37,"column":4},"end":{"line":49,"column":null}},"18":{"start":{"line":38,"column":22},"end":{"line":38,"column":null}},"19":{"start":{"line":39,"column":6},"end":{"line":39,"column":null}},"20":{"start":{"line":39,"column":20},"end":{"line":39,"column":null}},"21":{"start":{"line":41,"column":6},"end":{"line":48,"column":null}},"22":{"start":{"line":53,"column":18},"end":{"line":53,"column":null}},"23":{"start":{"line":53,"column":47},"end":{"line":53,"column":58}},"24":{"start":{"line":54,"column":4},"end":{"line":56,"column":null}},"25":{"start":{"line":55,"column":6},"end":{"line":55,"column":null}},"26":{"start":{"line":61,"column":19},"end":{"line":61,"column":null}},"27":{"start":{"line":61,"column":43},"end":{"line":61,"column":60}},"28":{"start":{"line":62,"column":4},"end":{"line":62,"column":null}},"29":{"start":{"line":62,"column":17},"end":{"line":62,"column":null}},"30":{"start":{"line":64,"column":23},"end":{"line":64,"column":null}},"31":{"start":{"line":65,"column":29},"end":{"line":81,"column":null}},"32":{"start":{"line":83,"column":4},"end":{"line":83,"column":null}},"33":{"start":{"line":86,"column":4},"end":{"line":98,"column":null}},"34":{"start":{"line":87,"column":6},"end":{"line":91,"column":null}},"35":{"start":{"line":93,"column":6},"end":{"line":97,"column":null}},"36":{"start":{"line":100,"column":4},"end":{"line":100,"column":null}},"37":{"start":{"line":104,"column":19},"end":{"line":104,"column":null}},"38":{"start":{"line":104,"column":43},"end":{"line":104,"column":60}},"39":{"start":{"line":105,"column":4},"end":{"line":105,"column":null}},"40":{"start":{"line":105,"column":17},"end":{"line":105,"column":null}},"41":{"start":{"line":107,"column":22},"end":{"line":112,"column":null}},"42":{"start":{"line":114,"column":4},"end":{"line":118,"column":null}},"43":{"start":{"line":115,"column":6},"end":{"line":115,"column":null}},"44":{"start":{"line":117,"column":6},"end":{"line":117,"column":null}},"45":{"start":{"line":120,"column":4},"end":{"line":120,"column":null}},"46":{"start":{"line":124,"column":19},"end":{"line":124,"column":null}},"47":{"start":{"line":124,"column":43},"end":{"line":124,"column":60}},"48":{"start":{"line":125,"column":4},"end":{"line":125,"column":null}},"49":{"start":{"line":125,"column":17},"end":{"line":125,"column":null}},"50":{"start":{"line":128,"column":23},"end":{"line":128,"column":null}},"51":{"start":{"line":128,"column":48},"end":{"line":128,"column":141}},"52":{"start":{"line":130,"column":4},"end":{"line":132,"column":null}},"53":{"start":{"line":131,"column":6},"end":{"line":131,"column":null}},"54":{"start":{"line":133,"column":4},"end":{"line":133,"column":null}},"55":{"start":{"line":137,"column":4},"end":{"line":137,"column":null}},"56":{"start":{"line":142,"column":29},"end":{"line":142,"column":null}},"57":{"start":{"line":145,"column":4},"end":{"line":147,"column":null}},"58":{"start":{"line":146,"column":6},"end":{"line":146,"column":null}},"59":{"start":{"line":150,"column":4},"end":{"line":156,"column":null}},"60":{"start":{"line":151,"column":20},"end":{"line":151,"column":null}},"61":{"start":{"line":152,"column":20},"end":{"line":152,"column":null}},"62":{"start":{"line":153,"column":6},"end":{"line":155,"column":null}},"63":{"start":{"line":154,"column":8},"end":{"line":154,"column":null}},"64":{"start":{"line":159,"column":4},"end":{"line":176,"column":null}},"65":{"start":{"line":160,"column":21},"end":{"line":160,"column":null}},"66":{"start":{"line":161,"column":6},"end":{"line":175,"column":null}},"67":{"start":{"line":162,"column":8},"end":{"line":164,"column":null}},"68":{"start":{"line":163,"column":10},"end":{"line":163,"column":null}},"69":{"start":{"line":167,"column":8},"end":{"line":174,"column":null}},"70":{"start":{"line":168,"column":30},"end":{"line":168,"column":null}},"71":{"start":{"line":169,"column":31},"end":{"line":169,"column":null}},"72":{"start":{"line":170,"column":17},"end":{"line":170,"column":null}},"73":{"start":{"line":171,"column":11},"end":{"line":173,"column":null}},"74":{"start":{"line":172,"column":13},"end":{"line":172,"column":null}},"75":{"start":{"line":178,"column":4},"end":{"line":181,"column":null}},"76":{"start":{"line":186,"column":29},"end":{"line":186,"column":null}},"77":{"start":{"line":187,"column":33},"end":{"line":187,"column":null}},"78":{"start":{"line":189,"column":4},"end":{"line":208,"column":null}},"79":{"start":{"line":192,"column":23},"end":{"line":196,"column":null}},"80":{"start":{"line":193,"column":8},"end":{"line":195,"column":null}},"81":{"start":{"line":198,"column":6},"end":{"line":207,"column":null}},"82":{"start":{"line":199,"column":8},"end":{"line":204,"column":null}},"83":{"start":{"line":206,"column":8},"end":{"line":206,"column":null}},"84":{"start":{"line":210,"column":4},"end":{"line":210,"column":null}},"85":{"start":{"line":215,"column":27},"end":{"line":215,"column":null}},"86":{"start":{"line":218,"column":18},"end":{"line":221,"column":null}},"87":{"start":{"line":219,"column":18},"end":{"line":219,"column":null}},"88":{"start":{"line":219,"column":40},"end":{"line":219,"column":61}},"89":{"start":{"line":220,"column":6},"end":{"line":220,"column":null}},"90":{"start":{"line":223,"column":4},"end":{"line":223,"column":null}},"91":{"start":{"line":226,"column":4},"end":{"line":235,"column":null}},"92":{"start":{"line":227,"column":6},"end":{"line":233,"column":null}},"93":{"start":{"line":229,"column":8},"end":{"line":229,"column":null}},"94":{"start":{"line":230,"column":6},"end":{"line":233,"column":null}},"95":{"start":{"line":232,"column":8},"end":{"line":232,"column":null}},"96":{"start":{"line":238,"column":4},"end":{"line":238,"column":null}},"97":{"start":{"line":241,"column":2},"end":{"line":257,"column":null}}},"fnMap":{"0":{"name":"(anonymous_0)","decl":{"start":{"line":6,"column":52},"end":{"line":6,"column":58}},"loc":{"start":{"line":6,"column":58},"end":{"line":258,"column":1}},"line":6},"1":{"name":"fetchMembers","decl":{"start":{"line":11,"column":17},"end":{"line":11,"column":32}},"loc":{"start":{"line":11,"column":32},"end":{"line":24,"column":null}},"line":11},"2":{"name":"getMember","decl":{"start":{"line":27,"column":11},"end":{"line":27,"column":21}},"loc":{"start":{"line":27,"column":33},"end":{"line":29,"column":null}},"line":27},"3":{"name":"(anonymous_3)","decl":{"start":{"line":28,"column":30},"end":{"line":28,"column":35}},"loc":{"start":{"line":28,"column":35},"end":{"line":28,"column":46}},"line":28},"4":{"name":"addMember","decl":{"start":{"line":31,"column":11},"end":{"line":31,"column":21}},"loc":{"start":{"line":31,"column":37},"end":{"line":33,"column":null}},"line":31},"5":{"name":"updateMember","decl":{"start":{"line":35,"column":11},"end":{"line":35,"column":24}},"loc":{"start":{"line":35,"column":62},"end":{"line":50,"column":null}},"line":35},"6":{"name":"(anonymous_6)","decl":{"start":{"line":36,"column":42},"end":{"line":36,"column":47}},"loc":{"start":{"line":36,"column":47},"end":{"line":36,"column":58}},"line":36},"7":{"name":"deleteMember","decl":{"start":{"line":52,"column":11},"end":{"line":52,"column":24}},"loc":{"start":{"line":52,"column":36},"end":{"line":57,"column":null}},"line":52},"8":{"name":"(anonymous_8)","decl":{"start":{"line":53,"column":42},"end":{"line":53,"column":47}},"loc":{"start":{"line":53,"column":47},"end":{"line":53,"column":58}},"line":53},"9":{"name":"addChild","decl":{"start":{"line":60,"column":11},"end":{"line":60,"column":20}},"loc":{"start":{"line":60,"column":66},"end":{"line":101,"column":null}},"line":60},"10":{"name":"(anonymous_10)","decl":{"start":{"line":61,"column":38},"end":{"line":61,"column":43}},"loc":{"start":{"line":61,"column":43},"end":{"line":61,"column":60}},"line":61},"11":{"name":"addSpouse","decl":{"start":{"line":103,"column":11},"end":{"line":103,"column":21}},"loc":{"start":{"line":103,"column":87},"end":{"line":121,"column":null}},"line":103},"12":{"name":"(anonymous_12)","decl":{"start":{"line":104,"column":38},"end":{"line":104,"column":43}},"loc":{"start":{"line":104,"column":43},"end":{"line":104,"column":60}},"line":104},"13":{"name":"addSibling","decl":{"start":{"line":123,"column":11},"end":{"line":123,"column":22}},"loc":{"start":{"line":123,"column":70},"end":{"line":134,"column":null}},"line":123},"14":{"name":"(anonymous_14)","decl":{"start":{"line":124,"column":38},"end":{"line":124,"column":43}},"loc":{"start":{"line":124,"column":43},"end":{"line":124,"column":60}},"line":124},"15":{"name":"(anonymous_15)","decl":{"start":{"line":128,"column":43},"end":{"line":128,"column":48}},"loc":{"start":{"line":128,"column":48},"end":{"line":128,"column":141}},"line":128},"16":{"name":"setMembers","decl":{"start":{"line":136,"column":11},"end":{"line":136,"column":22}},"loc":{"start":{"line":136,"column":44},"end":{"line":138,"column":null}},"line":136},"17":{"name":"validateMember","decl":{"start":{"line":141,"column":11},"end":{"line":141,"column":26}},"loc":{"start":{"line":141,"column":141},"end":{"line":182,"column":null}},"line":141},"18":{"name":"detectConflicts","decl":{"start":{"line":185,"column":11},"end":{"line":185,"column":27}},"loc":{"start":{"line":185,"column":98},"end":{"line":211,"column":null}},"line":185},"19":{"name":"(anonymous_19)","decl":{"start":{"line":189,"column":28},"end":{"line":189,"column":40}},"loc":{"start":{"line":189,"column":40},"end":{"line":208,"column":5}},"line":189},"20":{"name":"(anonymous_20)","decl":{"start":{"line":192,"column":42},"end":{"line":192,"column":null}},"loc":{"start":{"line":193,"column":8},"end":{"line":195,"column":null}},"line":193},"21":{"name":"mergeBranch","decl":{"start":{"line":213,"column":11},"end":{"line":213,"column":23}},"loc":{"start":{"line":213,"column":70},"end":{"line":239,"column":null}},"line":213},"22":{"name":"(anonymous_22)","decl":{"start":{"line":218,"column":36},"end":{"line":218,"column":41}},"loc":{"start":{"line":218,"column":41},"end":{"line":221,"column":5}},"line":218},"23":{"name":"(anonymous_23)","decl":{"start":{"line":219,"column":35},"end":{"line":219,"column":40}},"loc":{"start":{"line":219,"column":40},"end":{"line":219,"column":61}},"line":219},"24":{"name":"(anonymous_24)","decl":{"start":{"line":226,"column":24},"end":{"line":226,"column":31}},"loc":{"start":{"line":226,"column":31},"end":{"line":235,"column":5}},"line":226}},"branchMap":{"0":{"loc":{"start":{"line":20,"column":20},"end":{"line":20,"column":null}},"type":"binary-expr","locations":[{"start":{"line":20,"column":20},"end":{"line":20,"column":35}},{"start":{"line":20,"column":35},"end":{"line":20,"column":null}}],"line":20},"1":{"loc":{"start":{"line":37,"column":4},"end":{"line":49,"column":null}},"type":"if","locations":[{"start":{"line":37,"column":4},"end":{"line":49,"column":null}},{"start":{},"end":{}}],"line":37},"2":{"loc":{"start":{"line":39,"column":6},"end":{"line":39,"column":null}},"type":"if","locations":[{"start":{"line":39,"column":6},"end":{"line":39,"column":null}},{"start":{},"end":{}}],"line":39},"3":{"loc":{"start":{"line":45,"column":14},"end":{"line":45,"column":null}},"type":"binary-expr","locations":[{"start":{"line":45,"column":14},"end":{"line":45,"column":30}},{"start":{"line":45,"column":30},"end":{"line":45,"column":null}}],"line":45},"4":{"loc":{"start":{"line":46,"column":20},"end":{"line":46,"column":null}},"type":"binary-expr","locations":[{"start":{"line":46,"column":20},"end":{"line":46,"column":42}},{"start":{"line":46,"column":42},"end":{"line":46,"column":null}}],"line":46},"5":{"loc":{"start":{"line":54,"column":4},"end":{"line":56,"column":null}},"type":"if","locations":[{"start":{"line":54,"column":4},"end":{"line":56,"column":null}},{"start":{},"end":{}}],"line":54},"6":{"loc":{"start":{"line":62,"column":4},"end":{"line":62,"column":null}},"type":"if","locations":[{"start":{"line":62,"column":4},"end":{"line":62,"column":null}},{"start":{},"end":{}}],"line":62},"7":{"loc":{"start":{"line":67,"column":12},"end":{"line":67,"column":null}},"type":"binary-expr","locations":[{"start":{"line":67,"column":12},"end":{"line":67,"column":30}},{"start":{"line":67,"column":30},"end":{"line":67,"column":null}}],"line":67},"8":{"loc":{"start":{"line":68,"column":14},"end":{"line":68,"column":null}},"type":"binary-expr","locations":[{"start":{"line":68,"column":14},"end":{"line":68,"column":34}},{"start":{"line":68,"column":34},"end":{"line":68,"column":null}}],"line":68},"9":{"loc":{"start":{"line":71,"column":14},"end":{"line":71,"column":46}},"type":"binary-expr","locations":[{"start":{"line":71,"column":14},"end":{"line":71,"column":41}},{"start":{"line":71,"column":41},"end":{"line":71,"column":46}}],"line":71},"10":{"loc":{"start":{"line":86,"column":4},"end":{"line":98,"column":null}},"type":"if","locations":[{"start":{"line":86,"column":4},"end":{"line":98,"column":null}},{"start":{"line":92,"column":11},"end":{"line":98,"column":null}}],"line":86},"11":{"loc":{"start":{"line":90,"column":14},"end":{"line":90,"column":null}},"type":"cond-expr","locations":[{"start":{"line":90,"column":40},"end":{"line":90,"column":48}},{"start":{"line":90,"column":48},"end":{"line":90,"column":null}}],"line":90},"12":{"loc":{"start":{"line":96,"column":14},"end":{"line":96,"column":null}},"type":"cond-expr","locations":[{"start":{"line":96,"column":40},"end":{"line":96,"column":48}},{"start":{"line":96,"column":48},"end":{"line":96,"column":null}}],"line":96},"13":{"loc":{"start":{"line":105,"column":4},"end":{"line":105,"column":null}},"type":"if","locations":[{"start":{"line":105,"column":4},"end":{"line":105,"column":null}},{"start":{},"end":{}}],"line":105},"14":{"loc":{"start":{"line":114,"column":4},"end":{"line":118,"column":null}},"type":"if","locations":[{"start":{"line":114,"column":4},"end":{"line":118,"column":null}},{"start":{"line":116,"column":11},"end":{"line":118,"column":null}}],"line":114},"15":{"loc":{"start":{"line":125,"column":4},"end":{"line":125,"column":null}},"type":"if","locations":[{"start":{"line":125,"column":4},"end":{"line":125,"column":null}},{"start":{},"end":{}}],"line":125},"16":{"loc":{"start":{"line":128,"column":48},"end":{"line":128,"column":141}},"type":"binary-expr","locations":[{"start":{"line":128,"column":48},"end":{"line":128,"column":98}},{"start":{"line":128,"column":98},"end":{"line":128,"column":141}}],"line":128},"17":{"loc":{"start":{"line":130,"column":4},"end":{"line":132,"column":null}},"type":"if","locations":[{"start":{"line":130,"column":4},"end":{"line":132,"column":null}},{"start":{},"end":{}}],"line":130},"18":{"loc":{"start":{"line":145,"column":4},"end":{"line":147,"column":null}},"type":"if","locations":[{"start":{"line":145,"column":4},"end":{"line":147,"column":null}},{"start":{},"end":{}}],"line":145},"19":{"loc":{"start":{"line":145,"column":8},"end":{"line":145,"column":57}},"type":"binary-expr","locations":[{"start":{"line":145,"column":8},"end":{"line":145,"column":24}},{"start":{"line":145,"column":24},"end":{"line":145,"column":57}}],"line":145},"20":{"loc":{"start":{"line":150,"column":4},"end":{"line":156,"column":null}},"type":"if","locations":[{"start":{"line":150,"column":4},"end":{"line":156,"column":null}},{"start":{},"end":{}}],"line":150},"21":{"loc":{"start":{"line":150,"column":8},"end":{"line":150,"column":46}},"type":"binary-expr","locations":[{"start":{"line":150,"column":8},"end":{"line":150,"column":28}},{"start":{"line":150,"column":28},"end":{"line":150,"column":46}}],"line":150},"22":{"loc":{"start":{"line":153,"column":6},"end":{"line":155,"column":null}},"type":"if","locations":[{"start":{"line":153,"column":6},"end":{"line":155,"column":null}},{"start":{},"end":{}}],"line":153},"23":{"loc":{"start":{"line":159,"column":4},"end":{"line":176,"column":null}},"type":"if","locations":[{"start":{"line":159,"column":4},"end":{"line":176,"column":null}},{"start":{},"end":{}}],"line":159},"24":{"loc":{"start":{"line":161,"column":6},"end":{"line":175,"column":null}},"type":"if","locations":[{"start":{"line":161,"column":6},"end":{"line":175,"column":null}},{"start":{},"end":{}}],"line":161},"25":{"loc":{"start":{"line":162,"column":8},"end":{"line":164,"column":null}},"type":"if","locations":[{"start":{"line":162,"column":8},"end":{"line":164,"column":null}},{"start":{},"end":{}}],"line":162},"26":{"loc":{"start":{"line":162,"column":12},"end":{"line":162,"column":73}},"type":"binary-expr","locations":[{"start":{"line":162,"column":12},"end":{"line":162,"column":33}},{"start":{"line":162,"column":33},"end":{"line":162,"column":73}}],"line":162},"27":{"loc":{"start":{"line":167,"column":8},"end":{"line":174,"column":null}},"type":"if","locations":[{"start":{"line":167,"column":8},"end":{"line":174,"column":null}},{"start":{},"end":{}}],"line":167},"28":{"loc":{"start":{"line":167,"column":12},"end":{"line":167,"column":50}},"type":"binary-expr","locations":[{"start":{"line":167,"column":12},"end":{"line":167,"column":32}},{"start":{"line":167,"column":32},"end":{"line":167,"column":50}}],"line":167},"29":{"loc":{"start":{"line":171,"column":11},"end":{"line":173,"column":null}},"type":"if","locations":[{"start":{"line":171,"column":11},"end":{"line":173,"column":null}},{"start":{},"end":{}}],"line":171},"30":{"loc":{"start":{"line":193,"column":8},"end":{"line":195,"column":null}},"type":"binary-expr","locations":[{"start":{"line":193,"column":8},"end":{"line":193,"column":null}},{"start":{"line":194,"column":8},"end":{"line":194,"column":null}},{"start":{"line":195,"column":8},"end":{"line":195,"column":null}}],"line":193},"31":{"loc":{"start":{"line":198,"column":6},"end":{"line":207,"column":null}},"type":"if","locations":[{"start":{"line":198,"column":6},"end":{"line":207,"column":null}},{"start":{"line":205,"column":13},"end":{"line":207,"column":null}}],"line":198},"32":{"loc":{"start":{"line":220,"column":13},"end":{"line":220,"column":null}},"type":"binary-expr","locations":[{"start":{"line":220,"column":13},"end":{"line":220,"column":21}},{"start":{"line":220,"column":21},"end":{"line":220,"column":null}}],"line":220},"33":{"loc":{"start":{"line":227,"column":6},"end":{"line":233,"column":null}},"type":"if","locations":[{"start":{"line":227,"column":6},"end":{"line":233,"column":null}},{"start":{"line":230,"column":6},"end":{"line":233,"column":null}}],"line":227},"34":{"loc":{"start":{"line":230,"column":6},"end":{"line":233,"column":null}},"type":"if","locations":[{"start":{"line":230,"column":6},"end":{"line":233,"column":null}},{"start":{},"end":{}}],"line":230}},"s":{"0":1,"1":25,"2":25,"3":25,"4":2,"5":2,"6":2,"7":2,"8":1,"9":1,"10":1,"11":2,"12":7,"13":7,"14":2,"15":2,"16":2,"17":2,"18":2,"19":2,"20":0,"21":2,"22":1,"23":1,"24":1,"25":1,"26":6,"27":5,"28":6,"29":1,"30":5,"31":5,"32":6,"33":6,"34":4,"35":1,"36":5,"37":3,"38":2,"39":3,"40":1,"41":2,"42":2,"43":1,"44":1,"45":2,"46":3,"47":3,"48":3,"49":1,"50":2,"51":1,"52":2,"53":1,"54":1,"55":21,"56":5,"57":5,"58":1,"59":5,"60":2,"61":2,"62":2,"63":1,"64":5,"65":2,"66":2,"67":2,"68":1,"69":2,"70":1,"71":1,"72":1,"73":1,"74":1,"75":5,"76":3,"77":3,"78":3,"79":5,"80":5,"81":5,"82":3,"83":2,"84":3,"85":2,"86":2,"87":1,"88":1,"89":1,"90":2,"91":2,"92":2,"93":1,"94":1,"95":1,"96":2,"97":25},"f":{"0":25,"1":2,"2":7,"3":7,"4":2,"5":2,"6":2,"7":1,"8":1,"9":6,"10":5,"11":3,"12":2,"13":3,"14":3,"15":1,"16":21,"17":5,"18":3,"19":5,"20":5,"21":2,"22":1,"23":1,"24":2},"b":{"0":[1,0],"1":[2,0],"2":[0,2],"3":[2,0],"4":[2,2],"5":[1,0],"6":[1,5],"7":[5,0],"8":[6,1],"9":[6,4],"10":[4,1],"11":[2,2],"12":[1,0],"13":[1,2],"14":[1,1],"15":[1,2],"16":[1,0],"17":[1,1],"18":[1,4],"19":[5,4],"20":[2,3],"21":[5,3],"22":[1,1],"23":[2,3],"24":[2,0],"25":[1,1],"26":[2,2],"27":[1,1],"28":[2,1],"29":[1,0],"30":[5,3,3],"31":[3,2],"32":[1,0],"33":[1,1],"34":[1,0]},"meta":{"lastBranch":35,"lastFunction":25,"lastStatement":98,"seen":{"s:6:13:258:Infinity":0,"f:6:52:6:58":0,"s:7:8:7:Infinity":1,"s:8:8:8:Infinity":2,"s:9:8:9:Infinity":3,"f:11:17:11:32":1,"s:12:4:12:Infinity":4,"s:13:4:13:Infinity":5,"s:14:4:23:Infinity":6,"s:15:19:15:Infinity":7,"s:17:6:17:Infinity":8,"s:19:6:19:Infinity":9,"s:20:6:20:Infinity":10,"b:20:20:20:35:20:35:20:Infinity":0,"s:22:6:22:Infinity":11,"f:27:11:27:21":2,"s:28:4:28:Infinity":12,"f:28:30:28:35":3,"s:28:35:28:46":13,"f:31:11:31:21":4,"s:32:4:32:Infinity":14,"f:35:11:35:24":5,"s:36:18:36:Infinity":15,"f:36:42:36:47":6,"s:36:47:36:58":16,"b:37:4:49:Infinity:undefined:undefined:undefined:undefined":1,"s:37:4:49:Infinity":17,"s:38:22:38:Infinity":18,"b:39:6:39:Infinity:undefined:undefined:undefined:undefined":2,"s:39:6:39:Infinity":19,"s:39:20:39:Infinity":20,"s:41:6:48:Infinity":21,"b:45:14:45:30:45:30:45:Infinity":3,"b:46:20:46:42:46:42:46:Infinity":4,"f:52:11:52:24":7,"s:53:18:53:Infinity":22,"f:53:42:53:47":8,"s:53:47:53:58":23,"b:54:4:56:Infinity:undefined:undefined:undefined:undefined":5,"s:54:4:56:Infinity":24,"s:55:6:55:Infinity":25,"f:60:11:60:20":9,"s:61:19:61:Infinity":26,"f:61:38:61:43":10,"s:61:43:61:60":27,"b:62:4:62:Infinity:undefined:undefined:undefined:undefined":6,"s:62:4:62:Infinity":28,"s:62:17:62:Infinity":29,"s:64:23:64:Infinity":30,"s:65:29:81:Infinity":31,"b:67:12:67:30:67:30:67:Infinity":7,"b:68:14:68:34:68:34:68:Infinity":8,"b:71:14:71:41:71:41:71:46":9,"s:83:4:83:Infinity":32,"b:86:4:98:Infinity:92:11:98:Infinity":10,"s:86:4:98:Infinity":33,"s:87:6:91:Infinity":34,"b:90:40:90:48:90:48:90:Infinity":11,"s:93:6:97:Infinity":35,"b:96:40:96:48:96:48:96:Infinity":12,"s:100:4:100:Infinity":36,"f:103:11:103:21":11,"s:104:19:104:Infinity":37,"f:104:38:104:43":12,"s:104:43:104:60":38,"b:105:4:105:Infinity:undefined:undefined:undefined:undefined":13,"s:105:4:105:Infinity":39,"s:105:17:105:Infinity":40,"s:107:22:112:Infinity":41,"b:114:4:118:Infinity:116:11:118:Infinity":14,"s:114:4:118:Infinity":42,"s:115:6:115:Infinity":43,"s:117:6:117:Infinity":44,"s:120:4:120:Infinity":45,"f:123:11:123:22":13,"s:124:19:124:Infinity":46,"f:124:38:124:43":14,"s:124:43:124:60":47,"b:125:4:125:Infinity:undefined:undefined:undefined:undefined":15,"s:125:4:125:Infinity":48,"s:125:17:125:Infinity":49,"s:128:23:128:Infinity":50,"f:128:43:128:48":15,"s:128:48:128:141":51,"b:128:48:128:98:128:98:128:141":16,"b:130:4:132:Infinity:undefined:undefined:undefined:undefined":17,"s:130:4:132:Infinity":52,"s:131:6:131:Infinity":53,"s:133:4:133:Infinity":54,"f:136:11:136:22":16,"s:137:4:137:Infinity":55,"f:141:11:141:26":17,"s:142:29:142:Infinity":56,"b:145:4:147:Infinity:undefined:undefined:undefined:undefined":18,"s:145:4:147:Infinity":57,"b:145:8:145:24:145:24:145:57":19,"s:146:6:146:Infinity":58,"b:150:4:156:Infinity:undefined:undefined:undefined:undefined":20,"s:150:4:156:Infinity":59,"b:150:8:150:28:150:28:150:46":21,"s:151:20:151:Infinity":60,"s:152:20:152:Infinity":61,"b:153:6:155:Infinity:undefined:undefined:undefined:undefined":22,"s:153:6:155:Infinity":62,"s:154:8:154:Infinity":63,"b:159:4:176:Infinity:undefined:undefined:undefined:undefined":23,"s:159:4:176:Infinity":64,"s:160:21:160:Infinity":65,"b:161:6:175:Infinity:undefined:undefined:undefined:undefined":24,"s:161:6:175:Infinity":66,"b:162:8:164:Infinity:undefined:undefined:undefined:undefined":25,"s:162:8:164:Infinity":67,"b:162:12:162:33:162:33:162:73":26,"s:163:10:163:Infinity":68,"b:167:8:174:Infinity:undefined:undefined:undefined:undefined":27,"s:167:8:174:Infinity":69,"b:167:12:167:32:167:32:167:50":28,"s:168:30:168:Infinity":70,"s:169:31:169:Infinity":71,"s:170:17:170:Infinity":72,"b:171:11:173:Infinity:undefined:undefined:undefined:undefined":29,"s:171:11:173:Infinity":73,"s:172:13:172:Infinity":74,"s:178:4:181:Infinity":75,"f:185:11:185:27":18,"s:186:29:186:Infinity":76,"s:187:33:187:Infinity":77,"s:189:4:208:Infinity":78,"f:189:28:189:40":19,"s:192:23:196:Infinity":79,"f:192:42:192:Infinity":20,"s:193:8:195:Infinity":80,"b:193:8:193:Infinity:194:8:194:Infinity:195:8:195:Infinity":30,"b:198:6:207:Infinity:205:13:207:Infinity":31,"s:198:6:207:Infinity":81,"s:199:8:204:Infinity":82,"s:206:8:206:Infinity":83,"s:210:4:210:Infinity":84,"f:213:11:213:23":21,"s:215:27:215:Infinity":85,"s:218:18:221:Infinity":86,"f:218:36:218:41":22,"s:219:18:219:Infinity":87,"f:219:35:219:40":23,"s:219:40:219:61":88,"s:220:6:220:Infinity":89,"b:220:13:220:21:220:21:220:Infinity":32,"s:223:4:223:Infinity":90,"s:226:4:235:Infinity":91,"f:226:24:226:31":24,"b:227:6:233:Infinity:230:6:233:Infinity":33,"s:227:6:233:Infinity":92,"s:229:8:229:Infinity":93,"b:230:6:233:Infinity:undefined:undefined:undefined:undefined":34,"s:230:6:233:Infinity":94,"s:232:8:232:Infinity":95,"s:238:4:238:Infinity":96,"s:241:2:257:Infinity":97}}}
,"/Users/apple/Documents/Project/genealogy/src/types/index.ts": {"path":"/Users/apple/Documents/Project/genealogy/src/types/index.ts","statementMap":{"0":{"start":{"line":2,"column":32},"end":{"line":7,"column":null}}},"fnMap":{},"branchMap":{},"s":{"0":3},"f":{},"b":{},"meta":{"lastBranch":0,"lastFunction":0,"lastStatement":1,"seen":{"s:2:32:7:Infinity":0}}}
,"/Users/apple/Documents/Project/genealogy/src/utils/gedcom.ts": {"path":"/Users/apple/Documents/Project/genealogy/src/utils/gedcom.ts","statementMap":{"0":{"start":{"line":4,"column":15},"end":{"line":4,"column":null}},"1":{"start":{"line":7,"column":2},"end":{"line":25,"column":null}},"2":{"start":{"line":8,"column":4},"end":{"line":8,"column":null}},"3":{"start":{"line":9,"column":4},"end":{"line":9,"column":null}},"4":{"start":{"line":10,"column":4},"end":{"line":10,"column":null}},"5":{"start":{"line":10,"column":21},"end":{"line":10,"column":null}},"6":{"start":{"line":11,"column":4},"end":{"line":11,"column":null}},"7":{"start":{"line":11,"column":18},"end":{"line":11,"column":null}},"8":{"start":{"line":12,"column":4},"end":{"line":14,"column":null}},"9":{"start":{"line":13,"column":6},"end":{"line":13,"column":null}},"10":{"start":{"line":15,"column":4},"end":{"line":17,"column":null}},"11":{"start":{"line":16,"column":6},"end":{"line":16,"column":null}},"12":{"start":{"line":18,"column":4},"end":{"line":20,"column":null}},"13":{"start":{"line":19,"column":6},"end":{"line":19,"column":null}},"14":{"start":{"line":27,"column":2},"end":{"line":27,"column":null}},"15":{"start":{"line":28,"column":2},"end":{"line":28,"column":null}},"16":{"start":{"line":32,"column":16},"end":{"line":32,"column":null}},"17":{"start":{"line":33,"column":27},"end":{"line":33,"column":null}},"18":{"start":{"line":34,"column":46},"end":{"line":34,"column":null}},"19":{"start":{"line":36,"column":22},"end":{"line":52,"column":null}},"20":{"start":{"line":37,"column":4},"end":{"line":51,"column":null}},"21":{"start":{"line":38,"column":7},"end":{"line":38,"column":null}},"22":{"start":{"line":39,"column":7},"end":{"line":39,"column":null}},"23":{"start":{"line":40,"column":7},"end":{"line":40,"column":null}},"24":{"start":{"line":42,"column":7},"end":{"line":42,"column":null}},"25":{"start":{"line":42,"column":34},"end":{"line":42,"column":null}},"26":{"start":{"line":43,"column":7},"end":{"line":43,"column":null}},"27":{"start":{"line":43,"column":38},"end":{"line":43,"column":null}},"28":{"start":{"line":44,"column":7},"end":{"line":44,"column":null}},"29":{"start":{"line":44,"column":38},"end":{"line":44,"column":null}},"30":{"start":{"line":45,"column":7},"end":{"line":45,"column":null}},"31":{"start":{"line":45,"column":48},"end":{"line":45,"column":null}},"32":{"start":{"line":46,"column":7},"end":{"line":46,"column":null}},"33":{"start":{"line":46,"column":51},"end":{"line":46,"column":null}},"34":{"start":{"line":47,"column":7},"end":{"line":47,"column":null}},"35":{"start":{"line":47,"column":42},"end":{"line":47,"column":null}},"36":{"start":{"line":48,"column":7},"end":{"line":48,"column":null}},"37":{"start":{"line":48,"column":46},"end":{"line":48,"column":null}},"38":{"start":{"line":50,"column":7},"end":{"line":50,"column":null}},"39":{"start":{"line":54,"column":2},"end":{"line":107,"column":null}},"40":{"start":{"line":55,"column":18},"end":{"line":55,"column":null}},"41":{"start":{"line":56,"column":4},"end":{"line":56,"column":null}},"42":{"start":{"line":56,"column":26},"end":{"line":56,"column":null}},"43":{"start":{"line":58,"column":18},"end":{"line":58,"column":null}},"44":{"start":{"line":59,"column":16},"end":{"line":59,"column":null}},"45":{"start":{"line":61,"column":18},"end":{"line":61,"column":null}},"46":{"start":{"line":63,"column":4},"end":{"line":106,"column":null}},"47":{"start":{"line":64,"column":6},"end":{"line":64,"column":null}},"48":{"start":{"line":66,"column":6},"end":{"line":84,"column":null}},"49":{"start":{"line":69,"column":19},"end":{"line":69,"column":null}},"50":{"start":{"line":70,"column":8},"end":{"line":81,"column":null}},"51":{"start":{"line":83,"column":8},"end":{"line":83,"column":null}},"52":{"start":{"line":85,"column":4},"end":{"line":106,"column":null}},"53":{"start":{"line":86,"column":6},"end":{"line":105,"column":null}},"54":{"start":{"line":87,"column":22},"end":{"line":87,"column":null}},"55":{"start":{"line":88,"column":8},"end":{"line":88,"column":null}},"56":{"start":{"line":89,"column":8},"end":{"line":91,"column":null}},"57":{"start":{"line":90,"column":10},"end":{"line":90,"column":null}},"58":{"start":{"line":92,"column":6},"end":{"line":105,"column":null}},"59":{"start":{"line":93,"column":8},"end":{"line":93,"column":null}},"60":{"start":{"line":94,"column":6},"end":{"line":105,"column":null}},"61":{"start":{"line":96,"column":6},"end":{"line":105,"column":null}},"62":{"start":{"line":97,"column":8},"end":{"line":97,"column":null}},"63":{"start":{"line":98,"column":6},"end":{"line":105,"column":null}},"64":{"start":{"line":100,"column":9},"end":{"line":104,"column":null}},"65":{"start":{"line":101,"column":12},"end":{"line":101,"column":null}},"66":{"start":{"line":102,"column":9},"end":{"line":104,"column":null}},"67":{"start":{"line":103,"column":12},"end":{"line":103,"column":null}},"68":{"start":{"line":109,"column":2},"end":{"line":109,"column":null}},"69":{"start":{"line":111,"column":2},"end":{"line":111,"column":null}}},"fnMap":{"0":{"name":"exportGEDCOM","decl":{"start":{"line":3,"column":16},"end":{"line":3,"column":29}},"loc":{"start":{"line":3,"column":56},"end":{"line":29,"column":null}},"line":3},"1":{"name":"(anonymous_1)","decl":{"start":{"line":7,"column":18},"end":{"line":7,"column":23}},"loc":{"start":{"line":7,"column":23},"end":{"line":25,"column":3}},"line":7},"2":{"name":"importGEDCOM","decl":{"start":{"line":31,"column":16},"end":{"line":31,"column":29}},"loc":{"start":{"line":31,"column":55},"end":{"line":112,"column":null}},"line":31},"3":{"name":"(anonymous_3)","decl":{"start":{"line":36,"column":22},"end":{"line":36,"column":28}},"loc":{"start":{"line":36,"column":28},"end":{"line":52,"column":null}},"line":36},"4":{"name":"(anonymous_4)","decl":{"start":{"line":54,"column":16},"end":{"line":54,"column":24}},"loc":{"start":{"line":54,"column":24},"end":{"line":107,"column":3}},"line":54}},"branchMap":{"0":{"loc":{"start":{"line":9,"column":35},"end":{"line":9,"column":57}},"type":"binary-expr","locations":[{"start":{"line":9,"column":35},"end":{"line":9,"column":55}},{"start":{"line":9,"column":55},"end":{"line":9,"column":57}}],"line":9},"1":{"loc":{"start":{"line":10,"column":4},"end":{"line":10,"column":null}},"type":"if","locations":[{"start":{"line":10,"column":4},"end":{"line":10,"column":null}},{"start":{},"end":{}}],"line":10},"2":{"loc":{"start":{"line":11,"column":4},"end":{"line":11,"column":null}},"type":"if","locations":[{"start":{"line":11,"column":4},"end":{"line":11,"column":null}},{"start":{},"end":{}}],"line":11},"3":{"loc":{"start":{"line":12,"column":4},"end":{"line":14,"column":null}},"type":"if","locations":[{"start":{"line":12,"column":4},"end":{"line":14,"column":null}},{"start":{},"end":{}}],"line":12},"4":{"loc":{"start":{"line":15,"column":4},"end":{"line":17,"column":null}},"type":"if","locations":[{"start":{"line":15,"column":4},"end":{"line":17,"column":null}},{"start":{},"end":{}}],"line":15},"5":{"loc":{"start":{"line":15,"column":8},"end":{"line":15,"column":35}},"type":"binary-expr","locations":[{"start":{"line":15,"column":8},"end":{"line":15,"column":22}},{"start":{"line":15,"column":22},"end":{"line":15,"column":35}}],"line":15},"6":{"loc":{"start":{"line":18,"column":4},"end":{"line":20,"column":null}},"type":"if","locations":[{"start":{"line":18,"column":4},"end":{"line":20,"column":null}},{"start":{},"end":{}}],"line":18},"7":{"loc":{"start":{"line":37,"column":4},"end":{"line":51,"column":null}},"type":"if","locations":[{"start":{"line":37,"column":4},"end":{"line":51,"column":null}},{"start":{},"end":{}}],"line":37},"8":{"loc":{"start":{"line":37,"column":8},"end":{"line":37,"column":65}},"type":"binary-expr","locations":[{"start":{"line":37,"column":8},"end":{"line":37,"column":25}},{"start":{"line":37,"column":25},"end":{"line":37,"column":45}},{"start":{"line":37,"column":45},"end":{"line":37,"column":65}}],"line":37},"9":{"loc":{"start":{"line":38,"column":31},"end":{"line":38,"column":null}},"type":"binary-expr","locations":[{"start":{"line":38,"column":31},"end":{"line":38,"column":56}},{"start":{"line":38,"column":56},"end":{"line":38,"column":null}}],"line":38},"10":{"loc":{"start":{"line":39,"column":32},"end":{"line":39,"column":null}},"type":"binary-expr","locations":[{"start":{"line":39,"column":32},"end":{"line":39,"column":58}},{"start":{"line":39,"column":58},"end":{"line":39,"column":null}}],"line":39},"11":{"loc":{"start":{"line":40,"column":31},"end":{"line":40,"column":null}},"type":"binary-expr","locations":[{"start":{"line":40,"column":31},"end":{"line":40,"column":56}},{"start":{"line":40,"column":56},"end":{"line":40,"column":null}}],"line":40},"12":{"loc":{"start":{"line":42,"column":7},"end":{"line":42,"column":null}},"type":"if","locations":[{"start":{"line":42,"column":7},"end":{"line":42,"column":null}},{"start":{},"end":{}}],"line":42},"13":{"loc":{"start":{"line":43,"column":7},"end":{"line":43,"column":null}},"type":"if","locations":[{"start":{"line":43,"column":7},"end":{"line":43,"column":null}},{"start":{},"end":{}}],"line":43},"14":{"loc":{"start":{"line":44,"column":7},"end":{"line":44,"column":null}},"type":"if","locations":[{"start":{"line":44,"column":7},"end":{"line":44,"column":null}},{"start":{},"end":{}}],"line":44},"15":{"loc":{"start":{"line":45,"column":7},"end":{"line":45,"column":null}},"type":"if","locations":[{"start":{"line":45,"column":7},"end":{"line":45,"column":null}},{"start":{},"end":{}}],"line":45},"16":{"loc":{"start":{"line":46,"column":7},"end":{"line":46,"column":null}},"type":"if","locations":[{"start":{"line":46,"column":7},"end":{"line":46,"column":null}},{"start":{},"end":{}}],"line":46},"17":{"loc":{"start":{"line":47,"column":7},"end":{"line":47,"column":null}},"type":"if","locations":[{"start":{"line":47,"column":7},"end":{"line":47,"column":null}},{"start":{},"end":{}}],"line":47},"18":{"loc":{"start":{"line":48,"column":7},"end":{"line":48,"column":null}},"type":"if","locations":[{"start":{"line":48,"column":7},"end":{"line":48,"column":null}},{"start":{},"end":{}}],"line":48},"19":{"loc":{"start":{"line":56,"column":4},"end":{"line":56,"column":null}},"type":"if","locations":[{"start":{"line":56,"column":4},"end":{"line":56,"column":null}},{"start":{},"end":{}}],"line":56},"20":{"loc":{"start":{"line":59,"column":16},"end":{"line":59,"column":null}},"type":"binary-expr","locations":[{"start":{"line":59,"column":16},"end":{"line":59,"column":28}},{"start":{"line":59,"column":28},"end":{"line":59,"column":null}}],"line":59},"21":{"loc":{"start":{"line":63,"column":4},"end":{"line":106,"column":null}},"type":"if","locations":[{"start":{"line":63,"column":4},"end":{"line":106,"column":null}},{"start":{"line":85,"column":4},"end":{"line":106,"column":null}}],"line":63},"22":{"loc":{"start":{"line":66,"column":6},"end":{"line":84,"column":null}},"type":"if","locations":[{"start":{"line":66,"column":6},"end":{"line":84,"column":null}},{"start":{"line":82,"column":13},"end":{"line":84,"column":null}}],"line":66},"23":{"loc":{"start":{"line":85,"column":4},"end":{"line":106,"column":null}},"type":"if","locations":[{"start":{"line":85,"column":4},"end":{"line":106,"column":null}},{"start":{},"end":{}}],"line":85},"24":{"loc":{"start":{"line":86,"column":6},"end":{"line":105,"column":null}},"type":"if","locations":[{"start":{"line":86,"column":6},"end":{"line":105,"column":null}},{"start":{"line":92,"column":6},"end":{"line":105,"column":null}}],"line":86},"25":{"loc":{"start":{"line":88,"column":29},"end":{"line":88,"column":null}},"type":"binary-expr","locations":[{"start":{"line":88,"column":29},"end":{"line":88,"column":49}},{"start":{"line":88,"column":49},"end":{"line":88,"column":null}}],"line":88},"26":{"loc":{"start":{"line":89,"column":8},"end":{"line":91,"column":null}},"type":"if","locations":[{"start":{"line":89,"column":8},"end":{"line":91,"column":null}},{"start":{},"end":{}}],"line":89},"27":{"loc":{"start":{"line":90,"column":41},"end":{"line":90,"column":null}},"type":"binary-expr","locations":[{"start":{"line":90,"column":41},"end":{"line":90,"column":61}},{"start":{"line":90,"column":61},"end":{"line":90,"column":null}}],"line":90},"28":{"loc":{"start":{"line":92,"column":6},"end":{"line":105,"column":null}},"type":"if","locations":[{"start":{"line":92,"column":6},"end":{"line":105,"column":null}},{"start":{"line":94,"column":6},"end":{"line":105,"column":null}}],"line":92},"29":{"loc":{"start":{"line":93,"column":31},"end":{"line":93,"column":null}},"type":"cond-expr","locations":[{"start":{"line":93,"column":54},"end":{"line":93,"column":60}},{"start":{"line":93,"column":60},"end":{"line":93,"column":null}}],"line":93},"30":{"loc":{"start":{"line":94,"column":6},"end":{"line":105,"column":null}},"type":"if","locations":[{"start":{"line":94,"column":6},"end":{"line":105,"column":null}},{"start":{"line":96,"column":6},"end":{"line":105,"column":null}}],"line":94},"31":{"loc":{"start":{"line":96,"column":6},"end":{"line":105,"column":null}},"type":"if","locations":[{"start":{"line":96,"column":6},"end":{"line":105,"column":null}},{"start":{"line":98,"column":6},"end":{"line":105,"column":null}}],"line":96},"32":{"loc":{"start":{"line":98,"column":6},"end":{"line":105,"column":null}},"type":"if","locations":[{"start":{"line":98,"column":6},"end":{"line":105,"column":null}},{"start":{},"end":{}}],"line":98},"33":{"loc":{"start":{"line":98,"column":17},"end":{"line":98,"column":50}},"type":"binary-expr","locations":[{"start":{"line":98,"column":17},"end":{"line":98,"column":35}},{"start":{"line":98,"column":35},"end":{"line":98,"column":50}}],"line":98},"34":{"loc":{"start":{"line":100,"column":9},"end":{"line":104,"column":null}},"type":"if","locations":[{"start":{"line":100,"column":9},"end":{"line":104,"column":null}},{"start":{"line":102,"column":9},"end":{"line":104,"column":null}}],"line":100},"35":{"loc":{"start":{"line":100,"column":13},"end":{"line":100,"column":64}},"type":"binary-expr","locations":[{"start":{"line":100,"column":13},"end":{"line":100,"column":41}},{"start":{"line":100,"column":41},"end":{"line":100,"column":64}}],"line":100},"36":{"loc":{"start":{"line":102,"column":9},"end":{"line":104,"column":null}},"type":"if","locations":[{"start":{"line":102,"column":9},"end":{"line":104,"column":null}},{"start":{},"end":{}}],"line":102}},"s":{"0":11,"1":11,"2":12,"3":12,"4":12,"5":1,"6":12,"7":12,"8":12,"9":12,"10":12,"11":1,"12":12,"13":2,"14":11,"15":11,"16":7,"17":7,"18":7,"19":7,"20":25,"21":7,"22":7,"23":7,"24":7,"25":0,"26":7,"27":0,"28":7,"29":0,"30":7,"31":0,"32":7,"33":0,"34":7,"35":6,"36":7,"37":7,"38":7,"39":7,"40":38,"41":38,"42":0,"43":38,"44":38,"45":38,"46":38,"47":18,"48":18,"49":7,"50":7,"51":11,"52":20,"53":16,"54":7,"55":7,"56":7,"57":1,"58":9,"59":5,"60":4,"61":3,"62":1,"63":2,"64":2,"65":1,"66":1,"67":1,"68":7,"69":7},"f":{"0":11,"1":12,"2":7,"3":25,"4":38},"b":{"0":[12,0],"1":[1,11],"2":[12,0],"3":[12,0],"4":[1,11],"5":[12,1],"6":[2,10],"7":[7,18],"8":[25,7,7],"9":[7,0],"10":[7,0],"11":[7,0],"12":[0,7],"13":[0,7],"14":[0,7],"15":[0,7],"16":[0,7],"17":[6,1],"18":[7,0],"19":[0,38],"20":[38,0],"21":[18,20],"22":[7,11],"23":[16,4],"24":[7,9],"25":[7,0],"26":[1,6],"27":[1,0],"28":[5,4],"29":[1,4],"30":[1,3],"31":[1,2],"32":[2,0],"33":[2,2],"34":[1,1],"35":[2,2],"36":[1,0]},"meta":{"lastBranch":37,"lastFunction":5,"lastStatement":70,"seen":{"f:3:16:3:29":0,"s:4:15:4:Infinity":0,"s:7:2:25:Infinity":1,"f:7:18:7:23":1,"s:8:4:8:Infinity":2,"s:9:4:9:Infinity":3,"b:9:35:9:55:9:55:9:57":0,"b:10:4:10:Infinity:undefined:undefined:undefined:undefined":1,"s:10:4:10:Infinity":4,"s:10:21:10:Infinity":5,"b:11:4:11:Infinity:undefined:undefined:undefined:undefined":2,"s:11:4:11:Infinity":6,"s:11:18:11:Infinity":7,"b:12:4:14:Infinity:undefined:undefined:undefined:undefined":3,"s:12:4:14:Infinity":8,"s:13:6:13:Infinity":9,"b:15:4:17:Infinity:undefined:undefined:undefined:undefined":4,"s:15:4:17:Infinity":10,"b:15:8:15:22:15:22:15:35":5,"s:16:6:16:Infinity":11,"b:18:4:20:Infinity:undefined:undefined:undefined:undefined":6,"s:18:4:20:Infinity":12,"s:19:6:19:Infinity":13,"s:27:2:27:Infinity":14,"s:28:2:28:Infinity":15,"f:31:16:31:29":2,"s:32:16:32:Infinity":16,"s:33:27:33:Infinity":17,"s:34:46:34:Infinity":18,"s:36:22:52:Infinity":19,"f:36:22:36:28":3,"b:37:4:51:Infinity:undefined:undefined:undefined:undefined":7,"s:37:4:51:Infinity":20,"b:37:8:37:25:37:25:37:45:37:45:37:65":8,"s:38:7:38:Infinity":21,"b:38:31:38:56:38:56:38:Infinity":9,"s:39:7:39:Infinity":22,"b:39:32:39:58:39:58:39:Infinity":10,"s:40:7:40:Infinity":23,"b:40:31:40:56:40:56:40:Infinity":11,"b:42:7:42:Infinity:undefined:undefined:undefined:undefined":12,"s:42:7:42:Infinity":24,"s:42:34:42:Infinity":25,"b:43:7:43:Infinity:undefined:undefined:undefined:undefined":13,"s:43:7:43:Infinity":26,"s:43:38:43:Infinity":27,"b:44:7:44:Infinity:undefined:undefined:undefined:undefined":14,"s:44:7:44:Infinity":28,"s:44:38:44:Infinity":29,"b:45:7:45:Infinity:undefined:undefined:undefined:undefined":15,"s:45:7:45:Infinity":30,"s:45:48:45:Infinity":31,"b:46:7:46:Infinity:undefined:undefined:undefined:undefined":16,"s:46:7:46:Infinity":32,"s:46:51:46:Infinity":33,"b:47:7:47:Infinity:undefined:undefined:undefined:undefined":17,"s:47:7:47:Infinity":34,"s:47:42:47:Infinity":35,"b:48:7:48:Infinity:undefined:undefined:undefined:undefined":18,"s:48:7:48:Infinity":36,"s:48:46:48:Infinity":37,"s:50:7:50:Infinity":38,"s:54:2:107:Infinity":39,"f:54:16:54:24":4,"s:55:18:55:Infinity":40,"b:56:4:56:Infinity:undefined:undefined:undefined:undefined":19,"s:56:4:56:Infinity":41,"s:56:26:56:Infinity":42,"s:58:18:58:Infinity":43,"s:59:16:59:Infinity":44,"b:59:16:59:28:59:28:59:Infinity":20,"s:61:18:61:Infinity":45,"b:63:4:106:Infinity:85:4:106:Infinity":21,"s:63:4:106:Infinity":46,"s:64:6:64:Infinity":47,"b:66:6:84:Infinity:82:13:84:Infinity":22,"s:66:6:84:Infinity":48,"s:69:19:69:Infinity":49,"s:70:8:81:Infinity":50,"s:83:8:83:Infinity":51,"b:85:4:106:Infinity:undefined:undefined:undefined:undefined":23,"s:85:4:106:Infinity":52,"b:86:6:105:Infinity:92:6:105:Infinity":24,"s:86:6:105:Infinity":53,"s:87:22:87:Infinity":54,"s:88:8:88:Infinity":55,"b:88:29:88:49:88:49:88:Infinity":25,"b:89:8:91:Infinity:undefined:undefined:undefined:undefined":26,"s:89:8:91:Infinity":56,"s:90:10:90:Infinity":57,"b:90:41:90:61:90:61:90:Infinity":27,"b:92:6:105:Infinity:94:6:105:Infinity":28,"s:92:6:105:Infinity":58,"s:93:8:93:Infinity":59,"b:93:54:93:60:93:60:93:Infinity":29,"b:94:6:105:Infinity:96:6:105:Infinity":30,"s:94:6:105:Infinity":60,"b:96:6:105:Infinity:98:6:105:Infinity":31,"s:96:6:105:Infinity":61,"s:97:8:97:Infinity":62,"b:98:6:105:Infinity:undefined:undefined:undefined:undefined":32,"s:98:6:105:Infinity":63,"b:98:17:98:35:98:35:98:50":33,"b:100:9:104:Infinity:102:9:104:Infinity":34,"s:100:9:104:Infinity":64,"b:100:13:100:41:100:41:100:64":35,"s:101:12:101:Infinity":65,"b:102:9:104:Infinity:undefined:undefined:undefined:undefined":36,"s:102:9:104:Infinity":66,"s:103:12:103:Infinity":67,"s:109:2:109:Infinity":68,"s:111:2:111:Infinity":69}}}
,"/Users/apple/Documents/Project/genealogy/src/utils/mapper.ts": {"path":"/Users/apple/Documents/Project/genealogy/src/utils/mapper.ts","statementMap":{"0":{"start":{"line":5,"column":23},"end":{"line":11,"column":null}},"1":{"start":{"line":6,"column":2},"end":{"line":10,"column":null}},"2":{"start":{"line":7,"column":4},"end":{"line":9,"column":null}},"3":{"start":{"line":13,"column":23},"end":{"line":15,"column":null}},"4":{"start":{"line":14,"column":2},"end":{"line":14,"column":null}},"5":{"start":{"line":14,"column":41},"end":{"line":14,"column":67}},"6":{"start":{"line":17,"column":27},"end":{"line":28,"column":null}},"7":{"start":{"line":18,"column":2},"end":{"line":26,"column":null}},"8":{"start":{"line":19,"column":19},"end":{"line":19,"column":null}},"9":{"start":{"line":20,"column":4},"end":{"line":22,"column":null}},"10":{"start":{"line":21,"column":6},"end":{"line":21,"column":null}},"11":{"start":{"line":23,"column":4},"end":{"line":23,"column":null}},"12":{"start":{"line":24,"column":2},"end":{"line":26,"column":null}},"13":{"start":{"line":25,"column":4},"end":{"line":25,"column":null}},"14":{"start":{"line":25,"column":24},"end":{"line":25,"column":38}},"15":{"start":{"line":27,"column":2},"end":{"line":27,"column":null}},"16":{"start":{"line":30,"column":27},"end":{"line":41,"column":null}},"17":{"start":{"line":31,"column":2},"end":{"line":39,"column":null}},"18":{"start":{"line":32,"column":19},"end":{"line":32,"column":null}},"19":{"start":{"line":33,"column":4},"end":{"line":35,"column":null}},"20":{"start":{"line":34,"column":6},"end":{"line":34,"column":null}},"21":{"start":{"line":36,"column":4},"end":{"line":36,"column":null}},"22":{"start":{"line":37,"column":2},"end":{"line":39,"column":null}},"23":{"start":{"line":38,"column":4},"end":{"line":38,"column":null}},"24":{"start":{"line":38,"column":24},"end":{"line":38,"column":38}},"25":{"start":{"line":40,"column":2},"end":{"line":40,"column":null}}},"fnMap":{"0":{"name":"(anonymous_0)","decl":{"start":{"line":5,"column":23},"end":{"line":5,"column":24}},"loc":{"start":{"line":5,"column":46},"end":{"line":11,"column":null}},"line":5},"1":{"name":"(anonymous_1)","decl":{"start":{"line":6,"column":36},"end":{"line":6,"column":37}},"loc":{"start":{"line":6,"column":44},"end":{"line":10,"column":3}},"line":6},"2":{"name":"(anonymous_2)","decl":{"start":{"line":13,"column":23},"end":{"line":13,"column":24}},"loc":{"start":{"line":13,"column":46},"end":{"line":15,"column":null}},"line":13},"3":{"name":"(anonymous_3)","decl":{"start":{"line":14,"column":29},"end":{"line":14,"column":30}},"loc":{"start":{"line":14,"column":41},"end":{"line":14,"column":67}},"line":14},"4":{"name":"(anonymous_4)","decl":{"start":{"line":17,"column":27},"end":{"line":17,"column":28}},"loc":{"start":{"line":17,"column":44},"end":{"line":28,"column":null}},"line":17},"5":{"name":"(anonymous_5)","decl":{"start":{"line":20,"column":27},"end":{"line":20,"column":28}},"loc":{"start":{"line":20,"column":34},"end":{"line":22,"column":5}},"line":20},"6":{"name":"(anonymous_6)","decl":{"start":{"line":25,"column":17},"end":{"line":25,"column":18}},"loc":{"start":{"line":25,"column":24},"end":{"line":25,"column":38}},"line":25},"7":{"name":"(anonymous_7)","decl":{"start":{"line":30,"column":27},"end":{"line":30,"column":28}},"loc":{"start":{"line":30,"column":44},"end":{"line":41,"column":null}},"line":30},"8":{"name":"(anonymous_8)","decl":{"start":{"line":33,"column":27},"end":{"line":33,"column":28}},"loc":{"start":{"line":33,"column":34},"end":{"line":35,"column":5}},"line":33},"9":{"name":"(anonymous_9)","decl":{"start":{"line":38,"column":17},"end":{"line":38,"column":18}},"loc":{"start":{"line":38,"column":24},"end":{"line":38,"column":38}},"line":38}},"branchMap":{"0":{"loc":{"start":{"line":18,"column":2},"end":{"line":26,"column":null}},"type":"if","locations":[{"start":{"line":18,"column":2},"end":{"line":26,"column":null}},{"start":{"line":24,"column":2},"end":{"line":26,"column":null}}],"line":18},"1":{"loc":{"start":{"line":18,"column":6},"end":{"line":18,"column":71}},"type":"binary-expr","locations":[{"start":{"line":18,"column":6},"end":{"line":18,"column":25}},{"start":{"line":18,"column":25},"end":{"line":18,"column":46}},{"start":{"line":18,"column":46},"end":{"line":18,"column":71}}],"line":18},"2":{"loc":{"start":{"line":24,"column":2},"end":{"line":26,"column":null}},"type":"if","locations":[{"start":{"line":24,"column":2},"end":{"line":26,"column":null}},{"start":{},"end":{}}],"line":24},"3":{"loc":{"start":{"line":31,"column":2},"end":{"line":39,"column":null}},"type":"if","locations":[{"start":{"line":31,"column":2},"end":{"line":39,"column":null}},{"start":{"line":37,"column":2},"end":{"line":39,"column":null}}],"line":31},"4":{"loc":{"start":{"line":31,"column":6},"end":{"line":31,"column":71}},"type":"binary-expr","locations":[{"start":{"line":31,"column":6},"end":{"line":31,"column":25}},{"start":{"line":31,"column":25},"end":{"line":31,"column":46}},{"start":{"line":31,"column":46},"end":{"line":31,"column":71}}],"line":31},"5":{"loc":{"start":{"line":37,"column":2},"end":{"line":39,"column":null}},"type":"if","locations":[{"start":{"line":37,"column":2},"end":{"line":39,"column":null}},{"start":{},"end":{}}],"line":37}},"s":{"0":0,"1":0,"2":0,"3":0,"4":0,"5":0,"6":0,"7":0,"8":0,"9":0,"10":0,"11":0,"12":0,"13":0,"14":0,"15":0,"16":0,"17":0,"18":0,"19":0,"20":0,"21":0,"22":0,"23":0,"24":0,"25":0},"f":{"0":0,"1":0,"2":0,"3":0,"4":0,"5":0,"6":0,"7":0,"8":0,"9":0},"b":{"0":[0,0],"1":[0,0,0],"2":[0,0],"3":[0,0],"4":[0,0,0],"5":[0,0]},"meta":{"lastBranch":6,"lastFunction":10,"lastStatement":26,"seen":{"s:5:23:11:Infinity":0,"f:5:23:5:24":0,"s:6:2:10:Infinity":1,"f:6:36:6:37":1,"s:7:4:9:Infinity":2,"s:13:23:15:Infinity":3,"f:13:23:13:24":2,"s:14:2:14:Infinity":4,"f:14:29:14:30":3,"s:14:41:14:67":5,"s:17:27:28:Infinity":6,"f:17:27:17:28":4,"b:18:2:26:Infinity:24:2:26:Infinity":0,"s:18:2:26:Infinity":7,"b:18:6:18:25:18:25:18:46:18:46:18:71":1,"s:19:19:19:Infinity":8,"s:20:4:22:Infinity":9,"f:20:27:20:28":5,"s:21:6:21:Infinity":10,"s:23:4:23:Infinity":11,"b:24:2:26:Infinity:undefined:undefined:undefined:undefined":2,"s:24:2:26:Infinity":12,"s:25:4:25:Infinity":13,"f:25:17:25:18":6,"s:25:24:25:38":14,"s:27:2:27:Infinity":15,"s:30:27:41:Infinity":16,"f:30:27:30:28":7,"b:31:2:39:Infinity:37:2:39:Infinity":3,"s:31:2:39:Infinity":17,"b:31:6:31:25:31:25:31:46:31:46:31:71":4,"s:32:19:32:Infinity":18,"s:33:4:35:Infinity":19,"f:33:27:33:28":8,"s:34:6:34:Infinity":20,"s:36:4:36:Infinity":21,"b:37:2:39:Infinity:undefined:undefined:undefined:undefined":5,"s:37:2:39:Infinity":22,"s:38:4:38:Infinity":23,"f:38:17:38:18":9,"s:38:24:38:38":24,"s:40:2:40:Infinity":25}}}
,"/Users/apple/Documents/Project/genealogy/src/utils/treeBuilder.ts": {"path":"/Users/apple/Documents/Project/genealogy/src/utils/treeBuilder.ts","statementMap":{"0":{"start":{"line":18,"column":20},"end":{"line":18,"column":null}},"1":{"start":{"line":19,"column":2},"end":{"line":19,"column":null}},"2":{"start":{"line":19,"column":23},"end":{"line":19,"column":66}},"3":{"start":{"line":21,"column":15},"end":{"line":21,"column":null}},"4":{"start":{"line":22,"column":2},"end":{"line":22,"column":null}},"5":{"start":{"line":22,"column":13},"end":{"line":22,"column":null}},"6":{"start":{"line":24,"column":2},"end":{"line":24,"column":null}},"7":{"start":{"line":35,"column":20},"end":{"line":35,"column":null}},"8":{"start":{"line":36,"column":2},"end":{"line":36,"column":null}},"9":{"start":{"line":36,"column":23},"end":{"line":36,"column":45}},"10":{"start":{"line":38,"column":21},"end":{"line":38,"column":null}},"11":{"start":{"line":39,"column":2},"end":{"line":39,"column":null}},"12":{"start":{"line":39,"column":19},"end":{"line":39,"column":null}},"13":{"start":{"line":42,"column":33},"end":{"line":47,"column":null}},"14":{"start":{"line":49,"column":23},"end":{"line":52,"column":null}},"15":{"start":{"line":50,"column":6},"end":{"line":51,"column":null}},"16":{"start":{"line":54,"column":4},"end":{"line":68,"column":null}},"17":{"start":{"line":55,"column":23},"end":{"line":63,"column":null}},"18":{"start":{"line":57,"column":30},"end":{"line":57,"column":null}},"19":{"start":{"line":58,"column":10},"end":{"line":60,"column":null}},"20":{"start":{"line":59,"column":12},"end":{"line":59,"column":null}},"21":{"start":{"line":61,"column":10},"end":{"line":61,"column":null}},"22":{"start":{"line":63,"column":42},"end":{"line":63,"column":52}},"23":{"start":{"line":65,"column":6},"end":{"line":67,"column":null}},"24":{"start":{"line":66,"column":8},"end":{"line":66,"column":null}},"25":{"start":{"line":70,"column":4},"end":{"line":70,"column":null}},"26":{"start":{"line":73,"column":2},"end":{"line":73,"column":null}}},"fnMap":{"0":{"name":"buildTreeData","decl":{"start":{"line":17,"column":16},"end":{"line":17,"column":30}},"loc":{"start":{"line":17,"column":80},"end":{"line":25,"column":null}},"line":17},"1":{"name":"(anonymous_1)","decl":{"start":{"line":19,"column":18},"end":{"line":19,"column":23}},"loc":{"start":{"line":19,"column":23},"end":{"line":19,"column":66}},"line":19},"2":{"name":"transformToD3Tree","decl":{"start":{"line":34,"column":16},"end":{"line":34,"column":34}},"loc":{"start":{"line":34,"column":90},"end":{"line":74,"column":null}},"line":34},"3":{"name":"(anonymous_3)","decl":{"start":{"line":36,"column":18},"end":{"line":36,"column":23}},"loc":{"start":{"line":36,"column":23},"end":{"line":36,"column":45}},"line":36},"4":{"name":"buildNode","decl":{"start":{"line":41,"column":11},"end":{"line":41,"column":21}},"loc":{"start":{"line":41,"column":51},"end":{"line":71,"column":null}},"line":41},"5":{"name":"(anonymous_5)","decl":{"start":{"line":49,"column":46},"end":{"line":49,"column":null}},"loc":{"start":{"line":50,"column":6},"end":{"line":51,"column":null}},"line":50},"6":{"name":"(anonymous_6)","decl":{"start":{"line":56,"column":13},"end":{"line":56,"column":21}},"loc":{"start":{"line":56,"column":21},"end":{"line":62,"column":9}},"line":56},"7":{"name":"(anonymous_7)","decl":{"start":{"line":63,"column":16},"end":{"line":63,"column":17}},"loc":{"start":{"line":63,"column":42},"end":{"line":63,"column":52}},"line":63}},"branchMap":{"0":{"loc":{"start":{"line":22,"column":2},"end":{"line":22,"column":null}},"type":"if","locations":[{"start":{"line":22,"column":2},"end":{"line":22,"column":null}},{"start":{},"end":{}}],"line":22},"1":{"loc":{"start":{"line":39,"column":2},"end":{"line":39,"column":null}},"type":"if","locations":[{"start":{"line":39,"column":2},"end":{"line":39,"column":null}},{"start":{},"end":{}}],"line":39},"2":{"loc":{"start":{"line":50,"column":6},"end":{"line":51,"column":null}},"type":"binary-expr","locations":[{"start":{"line":50,"column":6},"end":{"line":50,"column":null}},{"start":{"line":51,"column":6},"end":{"line":51,"column":null}}],"line":50},"3":{"loc":{"start":{"line":54,"column":4},"end":{"line":68,"column":null}},"type":"if","locations":[{"start":{"line":54,"column":4},"end":{"line":68,"column":null}},{"start":{},"end":{}}],"line":54},"4":{"loc":{"start":{"line":58,"column":10},"end":{"line":60,"column":null}},"type":"if","locations":[{"start":{"line":58,"column":10},"end":{"line":60,"column":null}},{"start":{},"end":{}}],"line":58},"5":{"loc":{"start":{"line":65,"column":6},"end":{"line":67,"column":null}},"type":"if","locations":[{"start":{"line":65,"column":6},"end":{"line":67,"column":null}},{"start":{},"end":{}}],"line":65}},"s":{"0":2,"1":2,"2":1,"3":2,"4":2,"5":1,"6":1,"7":7,"8":7,"9":12,"10":7,"11":7,"12":1,"13":10,"14":10,"15":6,"16":10,"17":5,"18":5,"19":5,"20":4,"21":1,"22":5,"23":5,"24":4,"25":10,"26":6},"f":{"0":2,"1":1,"2":7,"3":12,"4":10,"5":6,"6":5,"7":5},"b":{"0":[1,1],"1":[1,6],"2":[6,1],"3":[5,5],"4":[4,1],"5":[4,1]},"meta":{"lastBranch":6,"lastFunction":8,"lastStatement":27,"seen":{"f:17:16:17:30":0,"s:18:20:18:Infinity":0,"s:19:2:19:Infinity":1,"f:19:18:19:23":1,"s:19:23:19:66":2,"s:21:15:21:Infinity":3,"b:22:2:22:Infinity:undefined:undefined:undefined:undefined":0,"s:22:2:22:Infinity":4,"s:22:13:22:Infinity":5,"s:24:2:24:Infinity":6,"f:34:16:34:34":2,"s:35:20:35:Infinity":7,"s:36:2:36:Infinity":8,"f:36:18:36:23":3,"s:36:23:36:45":9,"s:38:21:38:Infinity":10,"b:39:2:39:Infinity:undefined:undefined:undefined:undefined":1,"s:39:2:39:Infinity":11,"s:39:19:39:Infinity":12,"f:41:11:41:21":4,"s:42:33:47:Infinity":13,"s:49:23:52:Infinity":14,"f:49:46:49:Infinity":5,"s:50:6:51:Infinity":15,"b:50:6:50:Infinity:51:6:51:Infinity":2,"b:54:4:68:Infinity:undefined:undefined:undefined:undefined":3,"s:54:4:68:Infinity":16,"s:55:23:63:Infinity":17,"f:56:13:56:21":6,"s:57:30:57:Infinity":18,"b:58:10:60:Infinity:undefined:undefined:undefined:undefined":4,"s:58:10:60:Infinity":19,"s:59:12:59:Infinity":20,"s:61:10:61:Infinity":21,"f:63:16:63:17":7,"s:63:42:63:52":22,"b:65:6:67:Infinity:undefined:undefined:undefined:undefined":5,"s:65:6:67:Infinity":23,"s:66:8:66:Infinity":24,"s:70:4:70:Infinity":25,"s:73:2:73:Infinity":26}}}
}
